<?xml version="1.0" encoding="UTF-8"?>
<testng-results ignored="0" total="1" passed="1" failed="0" skipped="0">
  <reporter-output>
  </reporter-output>
  <suite started-at="2023-09-23T10:17:42 IST" name="Suite" finished-at="2023-09-23T10:17:47 IST" duration-ms="4662">
    <groups>
    </groups>
    <test started-at="2023-09-23T10:17:42 IST" name="Test" finished-at="2023-09-23T10:17:47 IST" duration-ms="4662">
      <class name="restassuredApiTests.CreateBooking">
        <test-method is-config="true" signature="postdata()[pri:0, instance:restassuredApiTests.CreateBooking@23529fee]" started-at="2023-09-23T10:17:42 IST" name="postdata" finished-at="2023-09-23T10:17:43 IST" duration-ms="449" status="PASS">
          <reporter-output>
          </reporter-output>
        </test-method> <!-- postdata -->
        <test-method signature="testpost()[pri:0, instance:restassuredApiTests.CreateBooking@23529fee]" started-at="2023-09-23T10:17:43 IST" name="testpost" finished-at="2023-09-23T10:17:47 IST" duration-ms="4181" status="PASS">
          <reporter-output>
          </reporter-output>
        </test-method> <!-- testpost -->
      </class> <!-- restassuredApiTests.CreateBooking -->
    </test> <!-- Test -->
  </suite> <!-- Suite -->
</testng-results>
